{"C:\\Users\\ASUS\\Desktop\\WebScanner\\t\\agents\\agentOrchestrator.ts": {"path":"C:\\Users\\ASUS\\Desktop\\WebScanner\\t\\agents\\agentOrchestrator.ts","statementMap":{"0":{"start":{"line":1,"column":0},"end":{"line":1,"column":98}},"1":{"start":{"line":8,"column":39},"end":{"line":8,"column":48}},"2":{"start":{"line":9,"column":35},"end":{"line":9,"column":37}},"3":{"start":{"line":10,"column":51},"end":{"line":10,"column":60}},"4":{"start":{"line":11,"column":30},"end":{"line":11,"column":45}},"5":{"start":{"line":12,"column":31},"end":{"line":12,"column":32}},"6":{"start":{"line":13,"column":23},"end":{"line":13,"column":27}},"7":{"start":{"line":19,"column":16},"end":{"line":19,"column":40}},"8":{"start":{"line":20,"column":4},"end":{"line":20,"column":32}},"9":{"start":{"line":21,"column":4},"end":{"line":21,"column":71}},"10":{"start":{"line":28,"column":4},"end":{"line":28,"column":47}},"11":{"start":{"line":35,"column":4},"end":{"line":38,"column":8}},"12":{"start":{"line":35,"column":58},"end":{"line":38,"column":6}},"13":{"start":{"line":49,"column":18},"end":{"line":49,"column":42}},"14":{"start":{"line":50,"column":4},"end":{"line":55,"column":5}},"15":{"start":{"line":51,"column":6},"end":{"line":54,"column":8}},"16":{"start":{"line":57,"column":43},"end":{"line":60,"column":6}},"17":{"start":{"line":63,"column":23},"end":{"line":63,"column":24}},"18":{"start":{"line":65,"column":4},"end":{"line":86,"column":5}},"19":{"start":{"line":65,"column":23},"end":{"line":65,"column":24}},"20":{"start":{"line":66,"column":6},"end":{"line":85,"column":7}},"21":{"start":{"line":67,"column":8},"end":{"line":67,"column":43}},"22":{"start":{"line":68,"column":8},"end":{"line":68,"column":127}},"23":{"start":{"line":70,"column":23},"end":{"line":70,"column":60}},"24":{"start":{"line":72,"column":8},"end":{"line":72,"column":40}},"25":{"start":{"line":73,"column":8},"end":{"line":73,"column":22}},"26":{"start":{"line":75,"column":8},"end":{"line":75,"column":26}},"27":{"start":{"line":76,"column":8},"end":{"line":76,"column":105}},"28":{"start":{"line":78,"column":8},"end":{"line":84,"column":9}},"29":{"start":{"line":79,"column":10},"end":{"line":79,"column":43}},"30":{"start":{"line":81,"column":24},"end":{"line":81,"column":66}},"31":{"start":{"line":82,"column":10},"end":{"line":82,"column":71}},"32":{"start":{"line":83,"column":10},"end":{"line":83,"column":34}},"33":{"start":{"line":88,"column":4},"end":{"line":88,"column":34}},"34":{"start":{"line":89,"column":4},"end":{"line":93,"column":6}},"35":{"start":{"line":100,"column":4},"end":{"line":100,"column":30}},"36":{"start":{"line":101,"column":4},"end":{"line":101,"column":100}},"37":{"start":{"line":108,"column":4},"end":{"line":117,"column":5}},"38":{"start":{"line":110,"column":6},"end":{"line":113,"column":7}},"39":{"start":{"line":111,"column":21},"end":{"line":111,"column":44}},"40":{"start":{"line":112,"column":8},"end":{"line":112,"column":31}},"41":{"start":{"line":116,"column":6},"end":{"line":116,"column":28}},"42":{"start":{"line":119,"column":4},"end":{"line":119,"column":65}},"43":{"start":{"line":126,"column":4},"end":{"line":126,"column":43}},"44":{"start":{"line":128,"column":4},"end":{"line":146,"column":5}},"45":{"start":{"line":129,"column":20},"end":{"line":129,"column":44}},"46":{"start":{"line":130,"column":6},"end":{"line":133,"column":7}},"47":{"start":{"line":131,"column":8},"end":{"line":131,"column":88}},"48":{"start":{"line":132,"column":8},"end":{"line":132,"column":15}},"49":{"start":{"line":135,"column":45},"end":{"line":138,"column":8}},"50":{"start":{"line":140,"column":6},"end":{"line":140,"column":49}},"51":{"start":{"line":141,"column":6},"end":{"line":141,"column":67}},"52":{"start":{"line":143,"column":6},"end":{"line":143,"column":73}},"53":{"start":{"line":145,"column":6},"end":{"line":145,"column":42}},"54":{"start":{"line":158,"column":4},"end":{"line":163,"column":6}},"55":{"start":{"line":170,"column":4},"end":{"line":170,"column":24}},"56":{"start":{"line":171,"column":4},"end":{"line":171,"column":32}},"57":{"start":{"line":172,"column":4},"end":{"line":172,"column":33}},"58":{"start":{"line":175,"column":4},"end":{"line":179,"column":7}},"59":{"start":{"line":176,"column":6},"end":{"line":178,"column":7}},"60":{"start":{"line":177,"column":8},"end":{"line":177,"column":22}},"61":{"start":{"line":181,"column":4},"end":{"line":181,"column":54}},"62":{"start":{"line":188,"column":4},"end":{"line":188,"column":75}},"63":{"start":{"line":195,"column":4},"end":{"line":195,"column":59}},"64":{"start":{"line":195,"column":34},"end":{"line":195,"column":57}},"65":{"start":{"line":7,"column":0},"end":{"line":7,"column":13}}},"fnMap":{"0":{"name":"(anonymous_0)","decl":{"start":{"line":18,"column":2},"end":{"line":18,"column":15}},"loc":{"start":{"line":18,"column":28},"end":{"line":22,"column":3}}},"1":{"name":"(anonymous_1)","decl":{"start":{"line":27,"column":2},"end":{"line":27,"column":10}},"loc":{"start":{"line":27,"column":23},"end":{"line":29,"column":3}}},"2":{"name":"(anonymous_2)","decl":{"start":{"line":34,"column":2},"end":{"line":34,"column":12}},"loc":{"start":{"line":34,"column":12},"end":{"line":39,"column":3}}},"3":{"name":"(anonymous_3)","decl":{"start":{"line":35,"column":48},"end":{"line":35,"column":53}},"loc":{"start":{"line":35,"column":58},"end":{"line":38,"column":6}}},"4":{"name":"(anonymous_4)","decl":{"start":{"line":44,"column":2},"end":{"line":44,"column":7}},"loc":{"start":{"line":47,"column":42},"end":{"line":94,"column":3}}},"5":{"name":"(anonymous_5)","decl":{"start":{"line":99,"column":2},"end":{"line":99,"column":11}},"loc":{"start":{"line":99,"column":27},"end":{"line":102,"column":3}}},"6":{"name":"(anonymous_6)","decl":{"start":{"line":107,"column":2},"end":{"line":107,"column":7}},"loc":{"start":{"line":107,"column":20},"end":{"line":120,"column":3}}},"7":{"name":"(anonymous_7)","decl":{"start":{"line":125,"column":10},"end":{"line":125,"column":15}},"loc":{"start":{"line":125,"column":43},"end":{"line":147,"column":3}}},"8":{"name":"(anonymous_8)","decl":{"start":{"line":152,"column":2},"end":{"line":152,"column":10}},"loc":{"start":{"line":152,"column":10},"end":{"line":164,"column":3}}},"9":{"name":"(anonymous_9)","decl":{"start":{"line":169,"column":2},"end":{"line":169,"column":7}},"loc":{"start":{"line":169,"column":7},"end":{"line":182,"column":3}}},"10":{"name":"(anonymous_10)","decl":{"start":{"line":175,"column":24},"end":{"line":175,"column":29}},"loc":{"start":{"line":175,"column":32},"end":{"line":179,"column":5}}},"11":{"name":"(anonymous_11)","decl":{"start":{"line":187,"column":10},"end":{"line":187,"column":24}},"loc":{"start":{"line":187,"column":24},"end":{"line":189,"column":3}}},"12":{"name":"(anonymous_12)","decl":{"start":{"line":194,"column":10},"end":{"line":194,"column":15}},"loc":{"start":{"line":194,"column":26},"end":{"line":196,"column":3}}},"13":{"name":"(anonymous_13)","decl":{"start":{"line":195,"column":23},"end":{"line":195,"column":30}},"loc":{"start":{"line":195,"column":34},"end":{"line":195,"column":57}}}},"branchMap":{"0":{"loc":{"start":{"line":47,"column":4},"end":{"line":47,"column":42}},"type":"default-arg","locations":[{"start":{"line":47,"column":21},"end":{"line":47,"column":42}}]},"1":{"loc":{"start":{"line":50,"column":4},"end":{"line":55,"column":5}},"type":"if","locations":[{"start":{"line":50,"column":4},"end":{"line":55,"column":5}}]},"2":{"loc":{"start":{"line":78,"column":8},"end":{"line":84,"column":9}},"type":"if","locations":[{"start":{"line":78,"column":8},"end":{"line":84,"column":9}}]},"3":{"loc":{"start":{"line":91,"column":13},"end":{"line":91,"column":76}},"type":"binary-expr","locations":[{"start":{"line":91,"column":13},"end":{"line":91,"column":31}},{"start":{"line":91,"column":35},"end":{"line":91,"column":76}}]},"4":{"loc":{"start":{"line":108,"column":11},"end":{"line":108,"column":68}},"type":"binary-expr","locations":[{"start":{"line":108,"column":11},"end":{"line":108,"column":36}},{"start":{"line":108,"column":40},"end":{"line":108,"column":68}}]},"5":{"loc":{"start":{"line":110,"column":13},"end":{"line":110,"column":92}},"type":"binary-expr","locations":[{"start":{"line":110,"column":13},"end":{"line":110,"column":38}},{"start":{"line":110,"column":42},"end":{"line":110,"column":92}}]},"6":{"loc":{"start":{"line":130,"column":6},"end":{"line":133,"column":7}},"type":"if","locations":[{"start":{"line":130,"column":6},"end":{"line":133,"column":7}}]},"7":{"loc":{"start":{"line":176,"column":6},"end":{"line":178,"column":7}},"type":"if","locations":[{"start":{"line":176,"column":6},"end":{"line":178,"column":7}}]}},"s":{"0":1,"1":8,"2":8,"3":8,"4":8,"5":8,"6":8,"7":6,"8":6,"9":6,"10":5,"11":1,"12":1,"13":2,"14":2,"15":1,"16":1,"17":1,"18":1,"19":1,"20":1,"21":1,"22":1,"23":1,"24":1,"25":1,"26":0,"27":0,"28":0,"29":0,"30":0,"31":0,"32":0,"33":0,"34":0,"35":0,"36":0,"37":0,"38":0,"39":0,"40":0,"41":0,"42":0,"43":0,"44":0,"45":0,"46":0,"47":0,"48":0,"49":0,"50":0,"51":0,"52":0,"53":0,"54":4,"55":2,"56":2,"57":2,"58":2,"59":2,"60":2,"61":2,"62":2,"63":0,"64":0,"65":1},"f":{"0":6,"1":5,"2":1,"3":1,"4":2,"5":0,"6":0,"7":0,"8":4,"9":2,"10":2,"11":2,"12":0,"13":0},"b":{"0":[2],"1":[1],"2":[0],"3":[0,0],"4":[0,0],"5":[0,0],"6":[0],"7":[2]}}
,"C:\\Users\\ASUS\\Desktop\\WebScanner\\t\\agents\\agentPrompts.ts": {"path":"C:\\Users\\ASUS\\Desktop\\WebScanner\\t\\agents\\agentPrompts.ts","statementMap":{"0":{"start":{"line":1,"column":0},"end":{"line":1,"column":36}},"1":{"start":{"line":8,"column":44},"end":{"line":25,"column":94}},"2":{"start":{"line":8,"column":78},"end":{"line":25,"column":94}},"3":{"start":{"line":27,"column":35},"end":{"line":27,"column":84}},"4":{"start":{"line":30,"column":4},"end":{"line":30,"column":61}},"5":{"start":{"line":37,"column":4},"end":{"line":69,"column":6}},"6":{"start":{"line":76,"column":4},"end":{"line":76,"column":66}},"7":{"start":{"line":83,"column":4},"end":{"line":90,"column":6}},"8":{"start":{"line":7,"column":0},"end":{"line":7,"column":13}}},"fnMap":{"0":{"name":"(anonymous_0)","decl":{"start":{"line":8,"column":44},"end":{"line":8,"column":45}},"loc":{"start":{"line":8,"column":78},"end":{"line":25,"column":94}}},"1":{"name":"(anonymous_1)","decl":{"start":{"line":29,"column":2},"end":{"line":29,"column":8}},"loc":{"start":{"line":29,"column":33},"end":{"line":31,"column":3}}},"2":{"name":"(anonymous_2)","decl":{"start":{"line":36,"column":2},"end":{"line":36,"column":8}},"loc":{"start":{"line":36,"column":33},"end":{"line":70,"column":3}}},"3":{"name":"(anonymous_3)","decl":{"start":{"line":75,"column":2},"end":{"line":75,"column":8}},"loc":{"start":{"line":75,"column":41},"end":{"line":77,"column":3}}},"4":{"name":"(anonymous_4)","decl":{"start":{"line":82,"column":2},"end":{"line":82,"column":8}},"loc":{"start":{"line":82,"column":27},"end":{"line":91,"column":3}}}},"branchMap":{},"s":{"0":1,"1":1,"2":1,"3":1,"4":1,"5":1,"6":15,"7":1,"8":1},"f":{"0":1,"1":1,"2":1,"3":15,"4":1},"b":{}}
,"C:\\Users\\ASUS\\Desktop\\WebScanner\\t\\agents\\agentTypes.ts": {"path":"C:\\Users\\ASUS\\Desktop\\WebScanner\\t\\agents\\agentTypes.ts","statementMap":{"0":{"start":{"line":52,"column":0},"end":{"line":52,"column":null}},"1":{"start":{"line":53,"column":2},"end":{"line":53,"column":null}},"2":{"start":{"line":54,"column":2},"end":{"line":54,"column":null}},"3":{"start":{"line":55,"column":2},"end":{"line":55,"column":null}},"4":{"start":{"line":56,"column":2},"end":{"line":56,"column":null}},"5":{"start":{"line":57,"column":2},"end":{"line":57,"column":null}}},"fnMap":{"0":{"name":"(anonymous_0)","decl":{"start":{"line":52,"column":0},"end":{"line":52,"column":12}},"loc":{"start":{"line":52,"column":22},"end":{"line":58,"column":1}}}},"branchMap":{"0":{"loc":{"start":{"line":52,"column":12},"end":{"line":52,"column":null}},"type":"binary-expr","locations":[{"start":{"line":52,"column":12},"end":{"line":52,"column":22}},{"start":{"line":52,"column":22},"end":{"line":52,"column":null}}]}},"s":{"0":1,"1":1,"2":1,"3":1,"4":1,"5":1},"f":{"0":1},"b":{"0":[1,1]}}
,"C:\\Users\\ASUS\\Desktop\\WebScanner\\t\\agents\\index.ts": {"path":"C:\\Users\\ASUS\\Desktop\\WebScanner\\t\\agents\\index.ts","statementMap":{"0":{"start":{"line":17,"column":0},"end":{"line":17,"column":16}},"1":{"start":{"line":6,"column":0},"end":{"line":6,"column":9}},"2":{"start":{"line":6,"column":9},"end":{"line":6,"column":56}},"3":{"start":{"line":7,"column":0},"end":{"line":7,"column":9}},"4":{"start":{"line":7,"column":9},"end":{"line":7,"column":46}},"5":{"start":{"line":8,"column":0},"end":{"line":8,"column":null}},"6":{"start":{"line":10,"column":55},"end":{"line":10,"column":null}},"7":{"start":{"line":12,"column":0},"end":{"line":12,"column":9}},"8":{"start":{"line":12,"column":9},"end":{"line":12,"column":54}},"9":{"start":{"line":18,"column":23},"end":{"line":18,"column":83}},"10":{"start":{"line":19,"column":23},"end":{"line":19,"column":79}},"11":{"start":{"line":21,"column":2},"end":{"line":21,"column":43}},"12":{"start":{"line":23,"column":2},"end":{"line":27,"column":4}}},"fnMap":{"0":{"name":"(anonymous_0)","decl":{"start":{"line":6,"column":9},"end":{"line":6,"column":26}},"loc":{"start":{"line":6,"column":9},"end":{"line":6,"column":56}}},"1":{"name":"(anonymous_1)","decl":{"start":{"line":7,"column":9},"end":{"line":7,"column":21}},"loc":{"start":{"line":7,"column":9},"end":{"line":7,"column":46}}},"2":{"name":"(anonymous_2)","decl":{"start":{"line":10,"column":55},"end":{"line":10,"column":65}},"loc":{"start":{"line":10,"column":55},"end":{"line":10,"column":null}}},"3":{"name":"(anonymous_3)","decl":{"start":{"line":12,"column":9},"end":{"line":12,"column":29}},"loc":{"start":{"line":12,"column":9},"end":{"line":12,"column":54}}},"4":{"name":"initializeAgentSystem","decl":{"start":{"line":17,"column":16},"end":{"line":17,"column":37}},"loc":{"start":{"line":17,"column":53},"end":{"line":28,"column":1}}}},"branchMap":{},"s":{"0":0,"1":0,"2":0,"3":0,"4":0,"5":0,"6":0,"7":0,"8":0,"9":0,"10":0,"11":0,"12":0},"f":{"0":0,"1":0,"2":0,"3":0,"4":0},"b":{}}
,"C:\\Users\\ASUS\\Desktop\\WebScanner\\t\\agents\\receiptAgent.ts": {"path":"C:\\Users\\ASUS\\Desktop\\WebScanner\\t\\agents\\receiptAgent.ts","statementMap":{"0":{"start":{"line":2,"column":0},"end":{"line":2,"column":46}},"1":{"start":{"line":10,"column":9},"end":{"line":10,"column":31}},"2":{"start":{"line":11,"column":12},"end":{"line":11,"column":19}},"3":{"start":{"line":13,"column":18},"end":{"line":13,"column":36}},"4":{"start":{"line":16,"column":4},"end":{"line":16,"column":66}},"5":{"start":{"line":17,"column":4},"end":{"line":19,"column":5}},"6":{"start":{"line":18,"column":6},"end":{"line":18,"column":64}},"7":{"start":{"line":26,"column":4},"end":{"line":26,"column":62}},"8":{"start":{"line":26,"column":49},"end":{"line":26,"column":62}},"9":{"start":{"line":27,"column":4},"end":{"line":27,"column":86}},"10":{"start":{"line":27,"column":73},"end":{"line":27,"column":86}},"11":{"start":{"line":28,"column":4},"end":{"line":28,"column":55}},"12":{"start":{"line":28,"column":42},"end":{"line":28,"column":55}},"13":{"start":{"line":29,"column":4},"end":{"line":29,"column":16}},"14":{"start":{"line":39,"column":22},"end":{"line":39,"column":32}},"15":{"start":{"line":41,"column":4},"end":{"line":80,"column":5}},"16":{"start":{"line":43,"column":6},"end":{"line":49,"column":7}},"17":{"start":{"line":44,"column":8},"end":{"line":48,"column":10}},"18":{"start":{"line":52,"column":6},"end":{"line":58,"column":7}},"19":{"start":{"line":53,"column":8},"end":{"line":57,"column":10}},"20":{"start":{"line":61,"column":21},"end":{"line":61,"column":86}},"21":{"start":{"line":63,"column":6},"end":{"line":70,"column":8}},"22":{"start":{"line":72,"column":27},"end":{"line":72,"column":84}},"23":{"start":{"line":73,"column":6},"end":{"line":73,"column":59}},"24":{"start":{"line":75,"column":6},"end":{"line":79,"column":8}},"25":{"start":{"line":90,"column":19},"end":{"line":90,"column":58}},"26":{"start":{"line":91,"column":19},"end":{"line":91,"column":58}},"27":{"start":{"line":93,"column":21},"end":{"line":117,"column":null}},"28":{"start":{"line":120,"column":17},"end":{"line":120,"column":38}},"29":{"start":{"line":122,"column":4},"end":{"line":127,"column":5}},"30":{"start":{"line":123,"column":6},"end":{"line":125,"column":7}},"31":{"start":{"line":124,"column":8},"end":{"line":124,"column":92}},"32":{"start":{"line":126,"column":6},"end":{"line":126,"column":78}},"33":{"start":{"line":130,"column":17},"end":{"line":130,"column":68}},"34":{"start":{"line":131,"column":19},"end":{"line":131,"column":35}},"35":{"start":{"line":134,"column":4},"end":{"line":134,"column":44}},"36":{"start":{"line":141,"column":21},"end":{"line":141,"column":54}},"37":{"start":{"line":143,"column":42},"end":{"line":145,"column":6}},"38":{"start":{"line":147,"column":4},"end":{"line":149,"column":5}},"39":{"start":{"line":148,"column":6},"end":{"line":148,"column":20}},"40":{"start":{"line":152,"column":4},"end":{"line":156,"column":5}},"41":{"start":{"line":153,"column":6},"end":{"line":153,"column":47}},"42":{"start":{"line":155,"column":6},"end":{"line":155,"column":44}},"43":{"start":{"line":159,"column":4},"end":{"line":163,"column":5}},"44":{"start":{"line":160,"column":6},"end":{"line":160,"column":37}},"45":{"start":{"line":162,"column":6},"end":{"line":162,"column":34}},"46":{"start":{"line":166,"column":4},"end":{"line":170,"column":5}},"47":{"start":{"line":167,"column":6},"end":{"line":167,"column":37}},"48":{"start":{"line":169,"column":6},"end":{"line":169,"column":34}},"49":{"start":{"line":173,"column":4},"end":{"line":177,"column":5}},"50":{"start":{"line":174,"column":6},"end":{"line":174,"column":32}},"51":{"start":{"line":176,"column":6},"end":{"line":176,"column":36}},"52":{"start":{"line":180,"column":4},"end":{"line":184,"column":5}},"53":{"start":{"line":181,"column":6},"end":{"line":181,"column":50}},"54":{"start":{"line":183,"column":6},"end":{"line":183,"column":42}},"55":{"start":{"line":187,"column":4},"end":{"line":203,"column":5}},"56":{"start":{"line":188,"column":6},"end":{"line":200,"column":12}},"57":{"start":{"line":190,"column":10},"end":{"line":190,"column":62}},"58":{"start":{"line":190,"column":49},"end":{"line":190,"column":62}},"59":{"start":{"line":191,"column":10},"end":{"line":191,"column":79}},"60":{"start":{"line":191,"column":66},"end":{"line":191,"column":79}},"61":{"start":{"line":192,"column":10},"end":{"line":192,"column":77}},"62":{"start":{"line":192,"column":64},"end":{"line":192,"column":77}},"63":{"start":{"line":193,"column":10},"end":{"line":193,"column":73}},"64":{"start":{"line":193,"column":60},"end":{"line":193,"column":73}},"65":{"start":{"line":194,"column":10},"end":{"line":194,"column":22}},"66":{"start":{"line":196,"column":29},"end":{"line":200,"column":10}},"67":{"start":{"line":202,"column":6},"end":{"line":202,"column":36}},"68":{"start":{"line":205,"column":4},"end":{"line":205,"column":18}},"69":{"start":{"line":213,"column":4},"end":{"line":213,"column":46}},"70":{"start":{"line":220,"column":4},"end":{"line":220,"column":25}},"71":{"start":{"line":227,"column":4},"end":{"line":232,"column":6}},"72":{"start":{"line":9,"column":0},"end":{"line":9,"column":13}}},"fnMap":{"0":{"name":"(anonymous_0)","decl":{"start":{"line":15,"column":2},"end":{"line":15,"column":14}},"loc":{"start":{"line":15,"column":29},"end":{"line":20,"column":3}}},"1":{"name":"(anonymous_1)","decl":{"start":{"line":25,"column":2},"end":{"line":25,"column":10}},"loc":{"start":{"line":25,"column":23},"end":{"line":30,"column":3}}},"2":{"name":"(anonymous_2)","decl":{"start":{"line":35,"column":2},"end":{"line":35,"column":7}},"loc":{"start":{"line":37,"column":34},"end":{"line":81,"column":3}}},"3":{"name":"(anonymous_3)","decl":{"start":{"line":86,"column":10},"end":{"line":86,"column":15}},"loc":{"start":{"line":88,"column":18},"end":{"line":135,"column":3}}},"4":{"name":"(anonymous_4)","decl":{"start":{"line":140,"column":10},"end":{"line":140,"column":29}},"loc":{"start":{"line":140,"column":39},"end":{"line":206,"column":3}}},"5":{"name":"(anonymous_5)","decl":{"start":{"line":189,"column":16},"end":{"line":189,"column":17}},"loc":{"start":{"line":189,"column":30},"end":{"line":195,"column":9}}},"6":{"name":"(anonymous_6)","decl":{"start":{"line":196,"column":13},"end":{"line":196,"column":14}},"loc":{"start":{"line":196,"column":29},"end":{"line":200,"column":10}}},"7":{"name":"(anonymous_7)","decl":{"start":{"line":211,"column":2},"end":{"line":211,"column":7}},"loc":{"start":{"line":211,"column":7},"end":{"line":214,"column":3}}},"8":{"name":"(anonymous_8)","decl":{"start":{"line":219,"column":2},"end":{"line":219,"column":11}},"loc":{"start":{"line":219,"column":26},"end":{"line":221,"column":3}}},"9":{"name":"(anonymous_9)","decl":{"start":{"line":226,"column":2},"end":{"line":226,"column":9}},"loc":{"start":{"line":226,"column":9},"end":{"line":233,"column":3}}}},"branchMap":{"0":{"loc":{"start":{"line":16,"column":18},"end":{"line":16,"column":65}},"type":"binary-expr","locations":[{"start":{"line":16,"column":18},"end":{"line":16,"column":24}},{"start":{"line":16,"column":28},"end":{"line":16,"column":59}},{"start":{"line":16,"column":63},"end":{"line":16,"column":65}}]},"1":{"loc":{"start":{"line":17,"column":4},"end":{"line":19,"column":5}},"type":"if","locations":[{"start":{"line":17,"column":4},"end":{"line":19,"column":5}}]},"2":{"loc":{"start":{"line":26,"column":4},"end":{"line":26,"column":62}},"type":"if","locations":[{"start":{"line":26,"column":4},"end":{"line":26,"column":62}}]},"3":{"loc":{"start":{"line":26,"column":8},"end":{"line":26,"column":47}},"type":"binary-expr","locations":[{"start":{"line":26,"column":8},"end":{"line":26,"column":16}},{"start":{"line":26,"column":20},"end":{"line":26,"column":47}}]},"4":{"loc":{"start":{"line":27,"column":4},"end":{"line":27,"column":86}},"type":"if","locations":[{"start":{"line":27,"column":4},"end":{"line":27,"column":86}}]},"5":{"loc":{"start":{"line":27,"column":8},"end":{"line":27,"column":71}},"type":"binary-expr","locations":[{"start":{"line":27,"column":8},"end":{"line":27,"column":28}},{"start":{"line":27,"column":32},"end":{"line":27,"column":71}}]},"6":{"loc":{"start":{"line":28,"column":4},"end":{"line":28,"column":55}},"type":"if","locations":[{"start":{"line":28,"column":4},"end":{"line":28,"column":55}}]},"7":{"loc":{"start":{"line":43,"column":6},"end":{"line":49,"column":7}},"type":"if","locations":[{"start":{"line":43,"column":6},"end":{"line":49,"column":7}}]},"8":{"loc":{"start":{"line":52,"column":6},"end":{"line":58,"column":7}},"type":"if","locations":[{"start":{"line":52,"column":6},"end":{"line":58,"column":7}}]},"9":{"loc":{"start":{"line":68,"column":22},"end":{"line":68,"column":52}},"type":"cond-expr","locations":[{"start":{"line":68,"column":42},"end":{"line":68,"column":46}},{"start":{"line":68,"column":49},"end":{"line":68,"column":52}}]},"10":{"loc":{"start":{"line":72,"column":27},"end":{"line":72,"column":84}},"type":"binary-expr","locations":[{"start":{"line":72,"column":27},"end":{"line":72,"column":41}},{"start":{"line":72,"column":45},"end":{"line":72,"column":84}}]},"11":{"loc":{"start":{"line":122,"column":4},"end":{"line":127,"column":5}},"type":"if","locations":[{"start":{"line":122,"column":4},"end":{"line":127,"column":5}}]},"12":{"loc":{"start":{"line":123,"column":6},"end":{"line":125,"column":7}},"type":"if","locations":[{"start":{"line":123,"column":6},"end":{"line":125,"column":7}}]},"13":{"loc":{"start":{"line":126,"column":22},"end":{"line":126,"column":76}},"type":"binary-expr","locations":[{"start":{"line":126,"column":22},"end":{"line":126,"column":41}},{"start":{"line":126,"column":45},"end":{"line":126,"column":76}}]},"14":{"loc":{"start":{"line":130,"column":17},"end":{"line":130,"column":68}},"type":"binary-expr","locations":[{"start":{"line":130,"column":17},"end":{"line":130,"column":60}},{"start":{"line":130,"column":64},"end":{"line":130,"column":68}}]},"15":{"loc":{"start":{"line":147,"column":4},"end":{"line":149,"column":5}},"type":"if","locations":[{"start":{"line":147,"column":4},"end":{"line":149,"column":5}}]},"16":{"loc":{"start":{"line":152,"column":4},"end":{"line":156,"column":5}},"type":"if","locations":[{"start":{"line":152,"column":4},"end":{"line":156,"column":5}},{"start":{"line":154,"column":11},"end":{"line":156,"column":5}}]},"17":{"loc":{"start":{"line":152,"column":8},"end":{"line":152,"column":67}},"type":"binary-expr","locations":[{"start":{"line":152,"column":8},"end":{"line":152,"column":42}},{"start":{"line":152,"column":46},"end":{"line":152,"column":67}}]},"18":{"loc":{"start":{"line":159,"column":4},"end":{"line":163,"column":5}},"type":"if","locations":[{"start":{"line":159,"column":4},"end":{"line":163,"column":5}},{"start":{"line":161,"column":11},"end":{"line":163,"column":5}}]},"19":{"loc":{"start":{"line":159,"column":8},"end":{"line":159,"column":57}},"type":"binary-expr","locations":[{"start":{"line":159,"column":8},"end":{"line":159,"column":37}},{"start":{"line":159,"column":41},"end":{"line":159,"column":57}}]},"20":{"loc":{"start":{"line":166,"column":4},"end":{"line":170,"column":5}},"type":"if","locations":[{"start":{"line":166,"column":4},"end":{"line":170,"column":5}},{"start":{"line":168,"column":11},"end":{"line":170,"column":5}}]},"21":{"loc":{"start":{"line":166,"column":8},"end":{"line":166,"column":57}},"type":"binary-expr","locations":[{"start":{"line":166,"column":8},"end":{"line":166,"column":37}},{"start":{"line":166,"column":41},"end":{"line":166,"column":57}}]},"22":{"loc":{"start":{"line":173,"column":4},"end":{"line":177,"column":5}},"type":"if","locations":[{"start":{"line":173,"column":4},"end":{"line":177,"column":5}},{"start":{"line":175,"column":11},"end":{"line":177,"column":5}}]},"23":{"loc":{"start":{"line":173,"column":8},"end":{"line":173,"column":57}},"type":"binary-expr","locations":[{"start":{"line":173,"column":8},"end":{"line":173,"column":38}},{"start":{"line":173,"column":42},"end":{"line":173,"column":57}}]},"24":{"loc":{"start":{"line":180,"column":4},"end":{"line":184,"column":5}},"type":"if","locations":[{"start":{"line":180,"column":4},"end":{"line":184,"column":5}},{"start":{"line":182,"column":11},"end":{"line":184,"column":5}}]},"25":{"loc":{"start":{"line":180,"column":8},"end":{"line":180,"column":88}},"type":"binary-expr","locations":[{"start":{"line":180,"column":8},"end":{"line":180,"column":41}},{"start":{"line":180,"column":45},"end":{"line":180,"column":88}}]},"26":{"loc":{"start":{"line":187,"column":4},"end":{"line":203,"column":5}},"type":"if","locations":[{"start":{"line":187,"column":4},"end":{"line":203,"column":5}},{"start":{"line":201,"column":11},"end":{"line":203,"column":5}}]},"27":{"loc":{"start":{"line":190,"column":10},"end":{"line":190,"column":62}},"type":"if","locations":[{"start":{"line":190,"column":10},"end":{"line":190,"column":62}}]},"28":{"loc":{"start":{"line":190,"column":14},"end":{"line":190,"column":47}},"type":"binary-expr","locations":[{"start":{"line":190,"column":14},"end":{"line":190,"column":19}},{"start":{"line":190,"column":23},"end":{"line":190,"column":47}}]},"29":{"loc":{"start":{"line":191,"column":10},"end":{"line":191,"column":79}},"type":"if","locations":[{"start":{"line":191,"column":10},"end":{"line":191,"column":79}}]},"30":{"loc":{"start":{"line":191,"column":14},"end":{"line":191,"column":64}},"type":"binary-expr","locations":[{"start":{"line":191,"column":14},"end":{"line":191,"column":43}},{"start":{"line":191,"column":47},"end":{"line":191,"column":64}}]},"31":{"loc":{"start":{"line":192,"column":10},"end":{"line":192,"column":77}},"type":"if","locations":[{"start":{"line":192,"column":10},"end":{"line":192,"column":77}}]},"32":{"loc":{"start":{"line":192,"column":14},"end":{"line":192,"column":62}},"type":"binary-expr","locations":[{"start":{"line":192,"column":14},"end":{"line":192,"column":44}},{"start":{"line":192,"column":48},"end":{"line":192,"column":62}}]},"33":{"loc":{"start":{"line":193,"column":10},"end":{"line":193,"column":73}},"type":"if","locations":[{"start":{"line":193,"column":10},"end":{"line":193,"column":73}}]}},"s":{"0":1,"1":17,"2":17,"3":17,"4":17,"5":17,"6":1,"7":8,"8":2,"9":6,"10":4,"11":2,"12":0,"13":2,"14":1,"15":1,"16":1,"17":1,"18":0,"19":0,"20":0,"21":0,"22":0,"23":0,"24":0,"25":0,"26":0,"27":0,"28":0,"29":0,"30":0,"31":0,"32":0,"33":0,"34":0,"35":0,"36":0,"37":0,"38":0,"39":0,"40":0,"41":0,"42":0,"43":0,"44":0,"45":0,"46":0,"47":0,"48":0,"49":0,"50":0,"51":0,"52":0,"53":0,"54":0,"55":0,"56":0,"57":0,"58":0,"59":0,"60":0,"61":0,"62":0,"63":0,"64":0,"65":0,"66":0,"67":0,"68":0,"69":2,"70":1,"71":2,"72":1},"f":{"0":17,"1":8,"2":1,"3":0,"4":0,"5":0,"6":0,"7":2,"8":1,"9":2},"b":{"0":[17,1,1],"1":[1],"2":[2],"3":[8,6],"4":[4],"5":[6,2],"6":[0],"7":[1],"8":[0],"9":[0,0],"10":[0,0],"11":[0],"12":[0],"13":[0,0],"14":[0,0],"15":[0],"16":[0,0],"17":[0,0],"18":[0,0],"19":[0,0],"20":[0,0],"21":[0,0],"22":[0,0],"23":[0,0],"24":[0,0],"25":[0,0],"26":[0,0],"27":[0],"28":[0,0],"29":[0],"30":[0,0],"31":[0],"32":[0,0],"33":[0]}}
}
