TN:
SF:agents\agentOrchestrator.ts
FN:18,(anonymous_0)
FN:27,(anonymous_1)
FN:34,(anonymous_2)
FN:35,(anonymous_3)
FN:44,(anonymous_4)
FN:99,(anonymous_5)
FN:107,(anonymous_6)
FN:125,(anonymous_7)
FN:152,(anonymous_8)
FN:169,(anonymous_9)
FN:175,(anonymous_10)
FN:187,(anonymous_11)
FN:194,(anonymous_12)
FN:195,(anonymous_13)
FNF:14
FNH:9
FNDA:6,(anonymous_0)
FNDA:5,(anonymous_1)
FNDA:1,(anonymous_2)
FNDA:1,(anonymous_3)
FNDA:2,(anonymous_4)
FNDA:0,(anonymous_5)
FNDA:0,(anonymous_6)
FNDA:0,(anonymous_7)
FNDA:4,(anonymous_8)
FNDA:2,(anonymous_9)
FNDA:2,(anonymous_10)
FNDA:2,(anonymous_11)
FNDA:0,(anonymous_12)
FNDA:0,(anonymous_13)
DA:1,1
DA:7,1
DA:8,8
DA:9,8
DA:10,8
DA:11,8
DA:12,8
DA:13,8
DA:19,6
DA:20,6
DA:21,6
DA:28,5
DA:35,1
DA:49,2
DA:50,2
DA:51,1
DA:57,1
DA:63,1
DA:65,1
DA:66,1
DA:67,1
DA:68,1
DA:70,1
DA:72,1
DA:73,1
DA:75,0
DA:76,0
DA:78,0
DA:79,0
DA:81,0
DA:82,0
DA:83,0
DA:88,0
DA:89,0
DA:100,0
DA:101,0
DA:108,0
DA:110,0
DA:111,0
DA:112,0
DA:116,0
DA:119,0
DA:126,0
DA:128,0
DA:129,0
DA:130,0
DA:131,0
DA:132,0
DA:135,0
DA:140,0
DA:141,0
DA:143,0
DA:145,0
DA:158,4
DA:170,2
DA:171,2
DA:172,2
DA:175,2
DA:176,2
DA:177,2
DA:181,2
DA:188,2
DA:195,0
LF:63
LH:34
BRDA:47,0,0,2
BRDA:50,1,0,1
BRDA:78,2,0,0
BRDA:91,3,0,0
BRDA:91,3,1,0
BRDA:108,4,0,0
BRDA:108,4,1,0
BRDA:110,5,0,0
BRDA:110,5,1,0
BRDA:130,6,0,0
BRDA:176,7,0,2
BRF:11
BRH:3
end_of_record
TN:
SF:agents\agentPrompts.ts
FN:8,(anonymous_0)
FN:29,(anonymous_1)
FN:36,(anonymous_2)
FN:75,(anonymous_3)
FN:82,(anonymous_4)
FNF:5
FNH:5
FNDA:1,(anonymous_0)
FNDA:1,(anonymous_1)
FNDA:1,(anonymous_2)
FNDA:15,(anonymous_3)
FNDA:1,(anonymous_4)
DA:1,1
DA:7,1
DA:8,1
DA:27,1
DA:30,1
DA:37,1
DA:76,15
DA:83,1
LF:8
LH:8
BRF:0
BRH:0
end_of_record
TN:
SF:agents\agentTypes.ts
FN:52,(anonymous_0)
FNF:1
FNH:1
FNDA:1,(anonymous_0)
DA:52,1
DA:53,1
DA:54,1
DA:55,1
DA:56,1
DA:57,1
LF:6
LH:6
BRDA:52,0,0,1
BRDA:52,0,1,1
BRF:2
BRH:2
end_of_record
TN:
SF:agents\index.ts
FN:6,(anonymous_0)
FN:7,(anonymous_1)
FN:10,(anonymous_2)
FN:12,(anonymous_3)
FN:17,initializeAgentSystem
FNF:5
FNH:0
FNDA:0,(anonymous_0)
FNDA:0,(anonymous_1)
FNDA:0,(anonymous_2)
FNDA:0,(anonymous_3)
FNDA:0,initializeAgentSystem
DA:6,0
DA:7,0
DA:8,0
DA:10,0
DA:12,0
DA:17,0
DA:18,0
DA:19,0
DA:21,0
DA:23,0
LF:10
LH:0
BRF:0
BRH:0
end_of_record
TN:
SF:agents\receiptAgent.ts
FN:15,(anonymous_0)
FN:25,(anonymous_1)
FN:35,(anonymous_2)
FN:86,(anonymous_3)
FN:140,(anonymous_4)
FN:189,(anonymous_5)
FN:196,(anonymous_6)
FN:211,(anonymous_7)
FN:219,(anonymous_8)
FN:226,(anonymous_9)
FNF:10
FNH:6
FNDA:17,(anonymous_0)
FNDA:8,(anonymous_1)
FNDA:1,(anonymous_2)
FNDA:0,(anonymous_3)
FNDA:0,(anonymous_4)
FNDA:0,(anonymous_5)
FNDA:0,(anonymous_6)
FNDA:2,(anonymous_7)
FNDA:1,(anonymous_8)
FNDA:2,(anonymous_9)
DA:2,1
DA:9,1
DA:10,17
DA:11,17
DA:13,17
DA:16,17
DA:17,17
DA:18,1
DA:26,8
DA:27,6
DA:28,2
DA:29,2
DA:39,1
DA:41,1
DA:43,1
DA:44,1
DA:52,0
DA:53,0
DA:61,0
DA:63,0
DA:72,0
DA:73,0
DA:75,0
DA:90,0
DA:91,0
DA:93,0
DA:120,0
DA:122,0
DA:123,0
DA:124,0
DA:126,0
DA:130,0
DA:131,0
DA:134,0
DA:141,0
DA:143,0
DA:147,0
DA:148,0
DA:152,0
DA:153,0
DA:155,0
DA:159,0
DA:160,0
DA:162,0
DA:166,0
DA:167,0
DA:169,0
DA:173,0
DA:174,0
DA:176,0
DA:180,0
DA:181,0
DA:183,0
DA:187,0
DA:188,0
DA:190,0
DA:191,0
DA:192,0
DA:193,0
DA:194,0
DA:196,0
DA:202,0
DA:205,0
DA:213,2
DA:220,1
DA:227,2
LF:66
LH:19
BRDA:16,0,0,17
BRDA:16,0,1,1
BRDA:16,0,2,1
BRDA:17,1,0,1
BRDA:26,2,0,2
BRDA:26,3,0,8
BRDA:26,3,1,6
BRDA:27,4,0,4
BRDA:27,5,0,6
BRDA:27,5,1,2
BRDA:28,6,0,0
BRDA:43,7,0,1
BRDA:52,8,0,0
BRDA:68,9,0,0
BRDA:68,9,1,0
BRDA:72,10,0,0
BRDA:72,10,1,0
BRDA:122,11,0,0
BRDA:123,12,0,0
BRDA:126,13,0,0
BRDA:126,13,1,0
BRDA:130,14,0,0
BRDA:130,14,1,0
BRDA:147,15,0,0
BRDA:152,16,0,0
BRDA:152,16,1,0
BRDA:152,17,0,0
BRDA:152,17,1,0
BRDA:159,18,0,0
BRDA:159,18,1,0
BRDA:159,19,0,0
BRDA:159,19,1,0
BRDA:166,20,0,0
BRDA:166,20,1,0
BRDA:166,21,0,0
BRDA:166,21,1,0
BRDA:173,22,0,0
BRDA:173,22,1,0
BRDA:173,23,0,0
BRDA:173,23,1,0
BRDA:180,24,0,0
BRDA:180,24,1,0
BRDA:180,25,0,0
BRDA:180,25,1,0
BRDA:187,26,0,0
BRDA:187,26,1,0
BRDA:190,27,0,0
BRDA:190,28,0,0
BRDA:190,28,1,0
BRDA:191,29,0,0
BRDA:191,30,0,0
BRDA:191,30,1,0
BRDA:192,31,0,0
BRDA:192,32,0,0
BRDA:192,32,1,0
BRDA:193,33,0,0
BRF:56
BRH:11
end_of_record
